<?xml version="1.0" encoding="UTF-8"?>
<!-- Generated by org.testng.reporters.JUnitXMLReporter -->
<testsuite ignored="0" hostname="LAPTOP-FGBCASBF" failures="0" tests="5" name="TestRunner-Chrome" time="33.268" errors="0" timestamp="2024-10-07T18:08:46 IST">
  <testcase classname="com.pac1.ContactTestScript" name="contactTest2" time="5.108"/>
  <testcase classname="com.pac1.ContactTestScript" name="reateOrganization" time="4.821"/>
  <testcase classname="com.pac1.ContactTestScript" name="teContact" time="10.357"/>
  <testcase classname="com.pac2.CreateorgTest" name="CreateOrgwithIndustry" time="0.0"/>
  <testcase classname="com.pac2.CreateorgTest" name="createorgtest" time="0.007"/>
</testsuite> <!-- TestRunner-Chrome -->
