<?xml version="1.0" encoding="UTF-8"?>
<!-- Generated by org.testng.reporters.JUnitXMLReporter -->
<testsuite ignored="0" hostname="LAPTOP-FGBCASBF" failures="1" tests="2" name="Test" time="7.484" errors="0" timestamp="2024-10-09T14:56:21 IST">
  <testcase classname="Pratice.test.InvoiceTest" name="createInvoiceTest" time="0.025">
    <failure type="java.lang.AssertionError" message="expected [login] but found [Administrator - Home - vtiger CRM 5 - Commercial Open Source CRM]">
      <![CDATA[java.lang.AssertionError: expected [login] but found [Administrator - Home - vtiger CRM 5 - Commercial Open Source CRM]
at Pratice.test.InvoiceTest.createInvoiceTest(InvoiceTest.java:13)
at java.base/java.util.ArrayList.forEach(ArrayList.java:1597)
... Removed 31 stack frames]]>
    </failure>
  </testcase> <!-- createInvoiceTest -->
  <testcase classname="Pratice.test.InvoiceTest" name="createInvoicewithcontactTest" time="0.002"/>
</testsuite> <!-- Test -->
