<?xml version="1.0" encoding="UTF-8"?>
<!-- Generated by org.testng.reporters.JUnitXMLReporter -->
<testsuite ignored="0" hostname="LAPTOP-FGBCASBF" failures="0" tests="5" name="TestRunner-Firefox" time="0.141" errors="0" timestamp="2024-10-07T18:08:13 IST">
  <testcase classname="com.comcast.crm.basetest.BaseClass" name="@BeforeClass configBC" time="0.024">
    <failure type="java.lang.AbstractMethodError" message="Missing implementation of resolved method &amp;apos;abstract void loadSystemProperties()&amp;apos; of abstract class org.openqa.selenium.remote.service.DriverService$Builder.">
      <![CDATA[java.lang.AbstractMethodError: Missing implementation of resolved method 'abstract void loadSystemProperties()' of abstract class org.openqa.selenium.remote.service.DriverService$Builder.
at org.openqa.selenium.remote.service.DriverService$Builder.build(DriverService.java:489)
at org.openqa.selenium.firefox.GeckoDriverService.createDefaultService(GeckoDriverService.java:116)
at org.openqa.selenium.firefox.FirefoxDriver.<init>(FirefoxDriver.java:112)
at org.openqa.selenium.firefox.FirefoxDriver.<init>(FirefoxDriver.java:102)
at com.comcast.crm.basetest.BaseClass.configBC(BaseClass.java:48)
at java.base/java.util.ArrayList.forEach(ArrayList.java:1597)
at java.base/java.util.concurrent.FutureTask.run(FutureTask.java:317)
at java.base/java.util.concurrent.ThreadPoolExecutor.runWorker(ThreadPoolExecutor.java:1144)
at java.base/java.util.concurrent.ThreadPoolExecutor$Worker.run(ThreadPoolExecutor.java:642)
at java.base/java.lang.Thread.run(Thread.java:1570)
... Removed 13 stack frames]]>
    </failure>
  </testcase> <!-- @BeforeClass configBC -->
  <testcase classname="com.comcast.crm.basetest.BaseClass" name="@BeforeMethod configBM" time="0.0">
    <skipped/>
  </testcase> <!-- @BeforeMethod configBM -->
  <testcase classname="com.comcast.crm.basetest.BaseClass" name="@AfterMethod configAfterMethod" time="0.0">
    <skipped/>
  </testcase> <!-- @AfterMethod configAfterMethod -->
  <testcase classname="com.comcast.crm.basetest.BaseClass" name="@BeforeMethod configBM" time="0.0">
    <skipped/>
  </testcase> <!-- @BeforeMethod configBM -->
  <testcase classname="com.comcast.crm.basetest.BaseClass" name="@AfterMethod configAfterMethod" time="0.0">
    <skipped/>
  </testcase> <!-- @AfterMethod configAfterMethod -->
  <testcase classname="com.comcast.crm.basetest.BaseClass" name="@BeforeMethod configBM" time="0.0">
    <skipped/>
  </testcase> <!-- @BeforeMethod configBM -->
  <testcase classname="com.comcast.crm.basetest.BaseClass" name="@AfterMethod configAfterMethod" time="0.0">
    <skipped/>
  </testcase> <!-- @AfterMethod configAfterMethod -->
  <testcase classname="com.comcast.crm.basetest.BaseClass" name="@AfterClass configAC" time="0.0">
    <skipped/>
  </testcase> <!-- @AfterClass configAC -->
  <testcase classname="com.pac1.ContactTestScript" name="contactTest2" time="0.0">
    <skipped/>
  </testcase> <!-- contactTest2 -->
  <testcase classname="com.pac1.ContactTestScript" name="reateOrganization" time="0.0">
    <skipped/>
  </testcase> <!-- reateOrganization -->
  <testcase classname="com.pac1.ContactTestScript" name="teContact" time="0.0">
    <skipped/>
  </testcase> <!-- teContact -->
  <testcase classname="com.pac2.CreateorgTest" name="CreateOrgwithIndustry" time="0.005"/>
  <testcase classname="com.pac2.CreateorgTest" name="createorgtest" time="0.007"/>
</testsuite> <!-- TestRunner-Firefox -->
