<?xml version="1.0" encoding="UTF-8"?>
<!-- Generated by org.testng.reporters.JUnitXMLReporter -->
<testsuite ignored="0" hostname="LAPTOP-FGBCASBF" failures="0" tests="3" name="Default test" time="0.063" errors="0" timestamp="2025-01-31T10:28:47 IST">
  <testcase classname="practice.pom.repository.ReadDataMutipuleData" name="ReadDataMutipuleData1" time="0.008"/>
  <testcase classname="practice.pom.repository.ReadDataMutipuleData" name="ReadDataMutipuleData1" time="0.001"/>
  <testcase classname="practice.pom.repository.ReadDataMutipuleData" name="ReadDataMutipuleData1" time="0.004"/>
</testsuite> <!-- Default test -->
