<?xml version="1.0" encoding="UTF-8"?>
<testng-results ignored="0" total="3" passed="3" failed="0" skipped="0">
  <reporter-output>
  </reporter-output>
  <suite started-at="2025-01-31T10:28:47 IST" name="Default suite" finished-at="2025-01-31T10:28:47 IST" duration-ms="63">
    <groups>
    </groups>
    <test started-at="2025-01-31T10:28:47 IST" name="Default test" finished-at="2025-01-31T10:28:47 IST" duration-ms="63">
      <class name="practice.pom.repository.ReadDataMutipuleData">
        <test-method signature="ReadDataMutipuleData1(java.lang.String,java.lang.String,java.lang.String)[pri:0, instance:practice.pom.repository.ReadDataMutipuleData@2df3b89c]" started-at="2025-01-31T10:28:47 IST" name="ReadDataMutipuleData1" data-provider="get" finished-at="2025-01-31T10:28:47 IST" duration-ms="8" status="PASS">
          <params>
            <param index="0">
              <value>
                <![CDATA[purushoth]]>
              </value>
            </param>
            <param index="1">
              <value>
                <![CDATA[chennai]]>
              </value>
            </param>
            <param index="2">
              <value>
                <![CDATA[alathur]]>
              </value>
            </param>
          </params>
          <reporter-output>
          </reporter-output>
        </test-method> <!-- ReadDataMutipuleData1 -->
        <test-method signature="ReadDataMutipuleData1(java.lang.String,java.lang.String,java.lang.String)[pri:0, instance:practice.pom.repository.ReadDataMutipuleData@2df3b89c]" started-at="2025-01-31T10:28:47 IST" name="ReadDataMutipuleData1" data-provider="get" finished-at="2025-01-31T10:28:47 IST" duration-ms="1" status="PASS">
          <params>
            <param index="0">
              <value>
                <![CDATA[porur]]>
              </value>
            </param>
            <param index="1">
              <value>
                <![CDATA[poonamallee]]>
              </value>
            </param>
            <param index="2">
              <value>
                <![CDATA[karachavadi]]>
              </value>
            </param>
          </params>
          <reporter-output>
          </reporter-output>
        </test-method> <!-- ReadDataMutipuleData1 -->
        <test-method signature="ReadDataMutipuleData1(java.lang.String,java.lang.String,java.lang.String)[pri:0, instance:practice.pom.repository.ReadDataMutipuleData@2df3b89c]" started-at="2025-01-31T10:28:47 IST" name="ReadDataMutipuleData1" data-provider="get" finished-at="2025-01-31T10:28:47 IST" duration-ms="4" status="PASS">
          <params>
            <param index="0">
              <value>
                <![CDATA[Dheli]]>
              </value>
            </param>
            <param index="1">
              <value>
                <![CDATA[france]]>
              </value>
            </param>
            <param index="2">
              <value>
                <![CDATA[china]]>
              </value>
            </param>
          </params>
          <reporter-output>
          </reporter-output>
        </test-method> <!-- ReadDataMutipuleData1 -->
      </class> <!-- practice.pom.repository.ReadDataMutipuleData -->
    </test> <!-- Default test -->
  </suite> <!-- Default suite -->
</testng-results>
